\BOOKMARK [1][-]{table.0.1}{\376\377\004\022\004\022\004\025\004\024\004\025\004\035\004\030\004\025}{}% 1
\BOOKMARK [1][-]{section.1}{\376\377\004\020\004\075\004\060\004\073\004\070\004\067\000\040\004\077\004\100\004\065\004\064\004\074\004\065\004\102\004\075\004\076\004\071\000\040\004\076\004\061\004\073\004\060\004\101\004\102\004\070}{}% 2
\BOOKMARK [2][-]{subsection.1.1}{\376\377\004\036\004\061\004\067\004\076\004\100\000\040\004\101\004\103\004\111\004\065\004\101\004\102\004\062\004\103\004\116\004\111\004\070\004\105\000\040\004\100\004\065\004\110\004\065\004\075\004\070\004\071}{section.1}% 3
\BOOKMARK [2][-]{subsection.1.2}{\376\377\004\020\004\075\004\060\004\073\004\070\004\067\000\040\004\070\004\075\004\101\004\102\004\100\004\103\004\074\004\065\004\075\004\102\004\076\004\062\000\040\004\100\004\060\004\067\004\100\004\060\004\061\004\076\004\102\004\072\004\070}{section.1}% 4
\BOOKMARK [2][-]{subsection.1.3}{\376\377\004\044\004\076\004\100\004\074\004\103\004\073\004\070\004\100\004\076\004\062\004\072\004\060\000\040\004\106\004\065\004\073\004\070\000\040\004\070\000\040\004\067\004\060\004\064\004\060\004\107}{section.1}% 5
\BOOKMARK [1][-]{section.2}{\376\377\004\037\004\100\004\076\004\065\004\072\004\102\004\070\004\100\004\076\004\062\004\060\004\075\004\070\004\065\000\040\004\062\004\065\004\061\000-\004\077\004\100\004\070\004\073\004\076\004\066\004\065\004\075\004\070\004\117}{}% 6
\BOOKMARK [2][-]{subsection.2.1}{\376\377\004\020\004\075\004\060\004\073\004\070\004\067\000\040\004\106\004\065\004\073\004\065\004\062\004\076\004\071\000\040\004\060\004\103\004\064\004\070\004\102\004\076\004\100\004\070\004\070}{section.2}% 7
\BOOKMARK [2][-]{subsection.2.2}{\376\377\004\036\004\077\004\070\004\101\004\060\004\075\004\070\004\065\000\040\004\104\004\103\004\075\004\072\004\106\004\070\004\076\004\075\004\060\004\073\004\114\004\075\004\076\004\101\004\102\004\070\000\040\004\077\004\100\004\070\004\073\004\076\004\066\004\065\004\075\004\070\004\117}{section.2}% 8
\BOOKMARK [2][-]{subsection.2.3}{\376\377\004\037\004\100\004\076\004\065\004\072\004\102\004\070\004\100\004\076\004\062\004\060\004\075\004\070\004\065\000\040\004\074\004\076\004\064\004\065\004\073\004\070\000\040\004\064\004\060\004\075\004\075\004\113\004\105}{section.2}% 9
\BOOKMARK [2][-]{subsection.2.4}{\376\377\004\040\004\060\004\067\004\100\004\060\004\061\004\076\004\102\004\072\004\060\000\040\004\074\004\060\004\072\004\065\004\102\004\076\004\062\000\040\004\101\004\102\004\100\004\060\004\075\004\070\004\106}{section.2}% 10
\BOOKMARK [1][-]{section.3}{\376\377\004\040\004\060\004\067\004\100\004\060\004\061\004\076\004\102\004\072\004\060\000\040\004\062\004\065\004\061\000-\004\077\004\100\004\070\004\073\004\076\004\066\004\065\004\075\004\070\004\117}{}% 11
\BOOKMARK [2][-]{subsection.3.1}{\376\377\004\034\004\076\004\064\004\065\004\073\004\070\000\040\004\061\004\060\004\067\004\113\000\040\004\064\004\060\004\075\004\075\004\113\004\105}{section.3}% 12
\BOOKMARK [2][-]{subsection.3.2}{\376\377\004\020\004\103\004\102\004\065\004\075\004\102\004\070\004\104\004\070\004\072\004\060\004\106\004\070\004\117\000\040\004\070\000\040\004\073\004\070\004\107\004\075\004\113\004\065\000\040\004\072\004\060\004\061\004\070\004\075\004\065\004\102\004\113}{section.3}% 13
\BOOKMARK [2][-]{subsection.3.3}{\376\377\000C\000R\000U\000D\000-\004\070\004\075\004\102\004\065\004\100\004\104\004\065\004\071\004\101\000\040\004\064\004\073\004\117\000\040\004\103\004\077\004\100\004\060\004\062\004\073\004\065\004\075\004\070\004\117\000\040\004\101\004\075\004\060\004\074\004\070}{section.3}% 14
\BOOKMARK [2][-]{subsection.3.4}{\376\377\004\027\004\060\004\063\004\100\004\103\004\067\004\072\004\060\000\040\004\104\004\060\004\071\004\073\004\076\004\062}{section.3}% 15
\BOOKMARK [2][-]{subsection.3.5}{\376\377\004\020\004\075\004\060\004\073\004\070\004\067\000\040\004\102\004\065\004\072\004\101\004\102\004\060\000\040\004\101\004\075\004\060}{section.3}% 16
\BOOKMARK [2][-]{subsection.3.6}{\376\377\004\020\004\063\004\100\004\065\004\063\004\060\004\106\004\070\004\117\000\040\004\064\004\060\004\075\004\075\004\113\004\105\000\040\004\070\000\040\004\101\004\102\004\060\004\102\004\070\004\101\004\102\004\070\004\072\004\060}{section.3}% 17
\BOOKMARK [2][-]{subsection.3.7}{\376\377\000R\000E\000S\000T\000\040\000A\000P\000I}{section.3}% 18
\BOOKMARK [2][-]{subsection.3.8}{\376\377\004\055\004\072\004\101\004\077\004\076\004\100\004\102\000\040\004\062\000\040\000P\000D\000F}{section.3}% 19
\BOOKMARK [2][-]{subsection.3.9}{\376\377\004\037\004\060\004\075\004\065\004\073\004\114\000\040\004\060\004\064\004\074\004\070\004\075\004\070\004\101\004\102\004\100\004\060\004\102\004\076\004\100\004\060}{section.3}% 20
\BOOKMARK [1][-]{section.4}{\376\377\004\036\004\104\004\076\004\100\004\074\004\073\004\065\004\075\004\070\004\065\000\040\004\070\004\102\004\076\004\063\004\076\004\062\000\040\004\100\004\060\004\061\004\076\004\102\004\113}{}% 21
\BOOKMARK [2][-]{subsection.4.1}{\376\377\000G\000i\000t\000-\004\100\004\065\004\077\004\076\004\067\004\070\004\102\004\076\004\100\004\070\004\071}{section.4}% 22
\BOOKMARK [2][-]{subsection.4.2}{\376\377\004\024\004\065\004\077\004\073\004\076\004\071\000\040\004\075\004\060\000\040\004\105\004\076\004\101\004\102\004\070\004\075\004\063}{section.4}% 23
\BOOKMARK [2][-]{subsection.4.3}{\376\377\004\036\004\104\004\076\004\100\004\074\004\073\004\065\004\075\004\070\004\065\000\040\004\076\004\102\004\107\004\121\004\102\004\060}{section.4}% 24
\BOOKMARK [1][-]{subsection.4.3}{\376\377\004\027\004\020\004\032\004\033\004\056\004\047\004\025\004\035\004\030\004\025}{}% 25
\BOOKMARK [1][-]{subsection.4.3}{\376\377\004\041\004\037\004\030\004\041\004\036\004\032\000\040\004\030\004\041\004\037\004\036\004\033\004\054\004\027\004\036\004\022\004\020\004\035\004\035\004\053\004\045\000\040\004\030\004\041\004\042\004\036\004\047\004\035\004\030\004\032\004\036\004\022}{}% 26
